<?xml version="1.0" encoding="UTF-8"?>
<testsuite xmlns:xsi="http://www.w3.org/2001/XMLSchema-instance" xsi:noNamespaceSchemaLocation="https://maven.apache.org/surefire/maven-surefire-plugin/xsd/surefire-test-report-3.0.xsd" version="3.0" name="TestSuite" time="111.713" tests="27" errors="0" skipped="24" failures="2">
  <properties>
[...]
</properties>
  <testcase name="loginTest" classname="ui.login.LoginPageTest" time="13.805">
    <system-out><![CDATA[[DEBUG] 2023-05-19 15:49:05.982 [main] InternalLoggerFactory - Using Log4J2 as the default logging framework
[DEBUG] 2023-05-19 15:49:05.998 [main] ResourceLeakDetector - -Dio.netty.leakDetection.level: simple
[DEBUG] 2023-05-19 15:49:05.998 [main] ResourceLeakDetector - -Dio.netty.leakDetection.targetRecords: 4
[DEBUG] 2023-05-19 15:49:05.998 [main] ResourceLeakDetectorFactory - Loaded default ResourceLeakDetector: io.netty.util.ResourceLeakDetector@e8ea697
[DEBUG] 2023-05-19 15:49:06.044 [main] PlatformDependent0 - -Dio.netty.noUnsafe: false
[DEBUG] 2023-05-19 15:49:06.044 [main] PlatformDependent0 - Java version: 11
[DEBUG] 2023-05-19 15:49:06.044 [main] PlatformDependent0 - sun.misc.Unsafe.theUnsafe: available
[DEBUG] 2023-05-19 15:49:06.044 [main] PlatformDependent0 - sun.misc.Unsafe.copyMemory: available
[DEBUG] 2023-05-19 15:49:06.044 [main] PlatformDependent0 - sun.misc.Unsafe.storeFence: available
[DEBUG] 2023-05-19 15:49:06.044 [main] PlatformDependent0 - java.nio.Buffer.address: available
[DEBUG] 2023-05-19 15:49:06.044 [main] PlatformDependent0 - direct buffer constructor: unavailable: Reflective setAccessible(true) disabled
[DEBUG] 2023-05-19 15:49:06.044 [main] PlatformDependent0 - java.nio.Bits.unaligned: available, true
[DEBUG] 2023-05-19 15:49:06.044 [main] PlatformDependent0 - jdk.internal.misc.Unsafe.allocateUninitializedArray(int): unavailable: class io.netty.util.internal.PlatformDependent0$7 cannot access class jdk.internal.misc.Unsafe (in module java.base) because module java.base does not export jdk.internal.misc to unnamed module @67a3bd51
[DEBUG] 2023-05-19 15:49:06.060 [main] PlatformDependent0 - java.nio.DirectByteBuffer.<init>(long, int): unavailable
[DEBUG] 2023-05-19 15:49:06.060 [main] PlatformDependent - sun.misc.Unsafe: available
[DEBUG] 2023-05-19 15:49:06.060 [main] PlatformDependent - maxDirectMemory: 3200253952 bytes (maybe)
[DEBUG] 2023-05-19 15:49:06.060 [main] PlatformDependent - -Dio.netty.tmpdir: C:\Users\user\AppData\Local\Temp (java.io.tmpdir)
[DEBUG] 2023-05-19 15:49:06.060 [main] PlatformDependent - -Dio.netty.bitMode: 64 (sun.arch.data.model)
[DEBUG] 2023-05-19 15:49:06.060 [main] PlatformDependent - Platform: Windows
[DEBUG] 2023-05-19 15:49:06.060 [main] PlatformDependent - -Dio.netty.maxDirectMemory: -1 bytes
[DEBUG] 2023-05-19 15:49:06.060 [main] PlatformDependent - -Dio.netty.uninitializedArrayAllocationThreshold: -1
[DEBUG] 2023-05-19 15:49:06.060 [main] CleanerJava9 - java.nio.ByteBuffer.cleaner(): available
[DEBUG] 2023-05-19 15:49:06.060 [main] PlatformDependent - -Dio.netty.noPreferDirect: false
[DEBUG] 2023-05-19 15:49:06.076 [main] PlatformDependent - org.jctools-core.MpscChunkedArrayQueue: available
[DEBUG] 2023-05-19 15:49:06.107 [main] InternalThreadLocalMap - -Dio.netty.threadLocalMap.stringBuilder.initialSize: 1024
[DEBUG] 2023-05-19 15:49:06.123 [main] InternalThreadLocalMap - -Dio.netty.threadLocalMap.stringBuilder.maxSize: 4096
[DEBUG] 2023-05-19 15:49:06.216 [main] JdkSslContext - Default protocols (JDK): [TLSv1.3, TLSv1.2] 
[DEBUG] 2023-05-19 15:49:06.216 [main] JdkSslContext - Default cipher suites (JDK): [TLS_ECDHE_ECDSA_WITH_AES_256_GCM_SHA384, TLS_ECDHE_ECDSA_WITH_AES_128_GCM_SHA256, TLS_ECDHE_RSA_WITH_AES_128_GCM_SHA256, TLS_ECDHE_RSA_WITH_AES_256_GCM_SHA384, TLS_ECDHE_RSA_WITH_AES_128_CBC_SHA, TLS_ECDHE_RSA_WITH_AES_256_CBC_SHA, TLS_RSA_WITH_AES_128_GCM_SHA256, TLS_RSA_WITH_AES_128_CBC_SHA, TLS_RSA_WITH_AES_256_CBC_SHA, TLS_AES_128_GCM_SHA256, TLS_AES_256_GCM_SHA384]
[DEBUG] 2023-05-19 15:49:06.232 [main] GlobalEventExecutor - -Dio.netty.globalEventExecutor.quietPeriodSeconds: 1
[DEBUG] 2023-05-19 15:49:06.263 [main] MultithreadEventLoopGroup - -Dio.netty.eventLoopThreads: 8
[DEBUG] 2023-05-19 15:49:06.279 [main] NioEventLoop - -Dio.netty.noKeySetOptimization: false
[DEBUG] 2023-05-19 15:49:06.279 [main] NioEventLoop - -Dio.netty.selectorAutoRebuildThreshold: 512
[DEBUG] 2023-05-19 15:49:06.344 [main] PooledByteBufAllocator - -Dio.netty.allocator.numHeapArenas: 8
[DEBUG] 2023-05-19 15:49:06.344 [main] PooledByteBufAllocator - -Dio.netty.allocator.numDirectArenas: 8
[DEBUG] 2023-05-19 15:49:06.344 [main] PooledByteBufAllocator - -Dio.netty.allocator.pageSize: 8192
[DEBUG] 2023-05-19 15:49:06.344 [main] PooledByteBufAllocator - -Dio.netty.allocator.maxOrder: 9
[DEBUG] 2023-05-19 15:49:06.344 [main] PooledByteBufAllocator - -Dio.netty.allocator.chunkSize: 4194304
[DEBUG] 2023-05-19 15:49:06.344 [main] PooledByteBufAllocator - -Dio.netty.allocator.smallCacheSize: 256
[DEBUG] 2023-05-19 15:49:06.344 [main] PooledByteBufAllocator - -Dio.netty.allocator.normalCacheSize: 64
[DEBUG] 2023-05-19 15:49:06.344 [main] PooledByteBufAllocator - -Dio.netty.allocator.maxCachedBufferCapacity: 32768
[DEBUG] 2023-05-19 15:49:06.344 [main] PooledByteBufAllocator - -Dio.netty.allocator.cacheTrimInterval: 8192
[DEBUG] 2023-05-19 15:49:06.344 [main] PooledByteBufAllocator - -Dio.netty.allocator.cacheTrimIntervalMillis: 0
[DEBUG] 2023-05-19 15:49:06.344 [main] PooledByteBufAllocator - -Dio.netty.allocator.useCacheForAllThreads: false
[DEBUG] 2023-05-19 15:49:06.344 [main] PooledByteBufAllocator - -Dio.netty.allocator.maxCachedByteBuffersPerChunk: 1023
[DEBUG] 2023-05-19 15:49:06.375 [main] ByteBufUtil - -Dio.netty.allocator.type: pooled
[DEBUG] 2023-05-19 15:49:06.375 [main] ByteBufUtil - -Dio.netty.threadLocalDirectBufferSize: 0
[DEBUG] 2023-05-19 15:49:06.375 [main] ByteBufUtil - -Dio.netty.maxThreadLocalCharBufferSize: 16384
[DEBUG] 2023-05-19 15:49:07.074 [Forwarding newSession on session null to remote] DefaultChannelId - -Dio.netty.processId: 15020 (auto-detected)
[DEBUG] 2023-05-19 15:49:07.089 [Forwarding newSession on session null to remote] NetUtil - -Djava.net.preferIPv4Stack: false
[DEBUG] 2023-05-19 15:49:07.089 [Forwarding newSession on session null to remote] NetUtil - -Djava.net.preferIPv6Addresses: false
[DEBUG] 2023-05-19 15:49:07.758 [Forwarding newSession on session null to remote] NetUtilInitializations - Loopback interface: lo (Software Loopback Interface 1, 127.0.0.1)
[DEBUG] 2023-05-19 15:49:07.758 [Forwarding newSession on session null to remote] NetUtil - Failed to get SOMAXCONN from sysctl and file \proc\sys\net\core\somaxconn. Default: 200
[DEBUG] 2023-05-19 15:49:07.790 [Forwarding newSession on session null to remote] DefaultChannelId - -Dio.netty.machineId: ac:b5:7d:ff:fe:91:96:ae (auto-detected)
[DEBUG] 2023-05-19 15:49:07.883 [AsyncHttpClient-1-2] AbstractByteBuf - -Dio.netty.buffer.checkAccessible: true
[DEBUG] 2023-05-19 15:49:07.883 [AsyncHttpClient-1-2] AbstractByteBuf - -Dio.netty.buffer.checkBounds: true
[DEBUG] 2023-05-19 15:49:07.883 [AsyncHttpClient-1-2] ResourceLeakDetectorFactory - Loaded default ResourceLeakDetector: io.netty.util.ResourceLeakDetector@1df1b39a
[DEBUG] 2023-05-19 15:49:07.930 [AsyncHttpClient-1-2] Recycler - -Dio.netty.recycler.maxCapacityPerThread: 4096
[DEBUG] 2023-05-19 15:49:07.930 [AsyncHttpClient-1-2] Recycler - -Dio.netty.recycler.ratio: 8
[DEBUG] 2023-05-19 15:49:07.930 [AsyncHttpClient-1-2] Recycler - -Dio.netty.recycler.chunkSize: 32
[DEBUG] 2023-05-19 15:49:07.930 [AsyncHttpClient-1-2] Recycler - -Dio.netty.recycler.blocking: false
[DEBUG] 2023-05-19 15:49:07.930 [AsyncHttpClient-1-2] Recycler - -Dio.netty.recycler.batchFastThreadLocalOnly: true
[DEBUG] 2023-05-19 15:49:08.934 [AsyncHttpClient-1-2] Brotli - brotli4j not in the classpath; Brotli support will be unavailable.
[DEBUG] 2023-05-19 15:49:09.096 [main] ThreadLocalRandom - -Dio.netty.initialSeedUniquifier: 0xe6a0fb5a01f87b47
]]></system-out>
    <system-err><![CDATA[SLF4J: Failed to load class "org.slf4j.impl.StaticLoggerBinder".
SLF4J: Defaulting to no-operation (NOP) logger implementation
SLF4J: See http://www.slf4j.org/codes.html#StaticLoggerBinder for further details.
Starting ChromeDriver 113.0.5672.63 (0e1a4471d5ae5bf128b1bd8f4d627c8cbd55f70c-refs/branch-heads/5672@{#912}) on port 48268
Only local connections are allowed.
Please see https://chromedriver.chromium.org/security-considerations for suggestions on keeping ChromeDriver safe.
ChromeDriver was started successfully.
мая 19, 2023 3:49:09 PM org.openqa.selenium.devtools.CdpVersionFinder findNearestMatch
WARNING: Unable to find an exact match for CDP version 113, so returning the closest version found: 111
]]></system-err>
  </testcase>
  <testcase name="beforeclass" classname="ui.login.UserPageTest" time="56.947">
    <failure message="Expected condition failed: waiting for visibility of Proxy element for: DefaultElementLocator &apos;By.name: login&apos; (tried for 15 second(s) with 500 milliseconds interval)" type="org.openqa.selenium.TimeoutException"><![CDATA[org.openqa.selenium.TimeoutException: Expected condition failed: waiting for visibility of Proxy element for: DefaultElementLocator 'By.name: login' (tried for 15 second(s) with 500 milliseconds interval)
	at ui.login.UserPageTest.beforeclass(UserPageTest.java:15)
Caused by: org.openqa.selenium.NoSuchElementException: 
no such element: Unable to locate element: {"method":"css selector","selector":"*[name='login']"}
  (Session info: headless chrome=113.0.5672.127)
For documentation on this error, please visit: https://selenium.dev/exceptions/#no_such_element
Build info: version: '4.8.3', revision: 'e5e76298c3'
System info: os.name: 'Windows 10', os.arch: 'amd64', os.version: '10.0', java.version: '11.0.17'
Driver info: org.openqa.selenium.chrome.ChromeDriver
Command: [fad9a1c14d0e526a0d5d22d45a063c0a, findElement {using=name, value=login}]
Capabilities {acceptInsecureCerts: false, browserName: chrome, browserVersion: 113.0.5672.127, chrome: {chromedriverVersion: 113.0.5672.63 (0e1a4471d5ae..., userDataDir: C:\Users\user\AppData\Local...}, goog:chromeOptions: {debuggerAddress: localhost:59269}, networkConnectionEnabled: false, pageLoadStrategy: normal, platformName: WINDOWS, proxy: Proxy(), se:cdp: ws://localhost:59269/devtoo..., se:cdpVersion: 113.0.5672.127, setWindowRect: true, strictFileInteractability: false, timeouts: {implicit: 0, pageLoad: 300000, script: 30000}, unhandledPromptBehavior: dismiss and notify, webauthn:extension:credBlob: true, webauthn:extension:largeBlob: true, webauthn:extension:minPinLength: true, webauthn:extension:prf: true, webauthn:virtualAuthenticators: true}
Session ID: fad9a1c14d0e526a0d5d22d45a063c0a
	at ui.login.UserPageTest.beforeclass(UserPageTest.java:15)
]]></failure>
  </testcase>
  <testcase name="setUp" classname="ui.login.UserPageTest" time="0">
    <skipped/>
  </testcase>
  <testcase name="setUp" classname="ui.login.UserPageTest" time="0">
    <skipped/>
  </testcase>
  <testcase name="setUp" classname="ui.login.UserPageTest" time="0">
    <skipped/>
  </testcase>
  <testcase name="setUp" classname="ui.login.UserPageTest" time="0">
    <skipped/>
  </testcase>
  <testcase name="setUp" classname="ui.login.UserPageTest" time="0">
    <skipped/>
  </testcase>
  <testcase name="Usertype" classname="ui.login.UserPageTest" time="0">
    <skipped message="Expected condition failed: waiting for visibility of Proxy element for: DefaultElementLocator &apos;By.name: login&apos; (tried for 15 second(s) with 500 milliseconds interval)"/>
  </testcase>
  <testcase name="userCheckboxActive" classname="ui.login.UserPageTest" time="0">
    <skipped message="Expected condition failed: waiting for visibility of Proxy element for: DefaultElementLocator &apos;By.name: login&apos; (tried for 15 second(s) with 500 milliseconds interval)"/>
  </testcase>
  <testcase name="userSurname" classname="ui.login.UserPageTest" time="0">
    <skipped message="Expected condition failed: waiting for visibility of Proxy element for: DefaultElementLocator &apos;By.name: login&apos; (tried for 15 second(s) with 500 milliseconds interval)"/>
  </testcase>
  <testcase name="useremail" classname="ui.login.UserPageTest" time="0">
    <skipped message="Expected condition failed: waiting for visibility of Proxy element for: DefaultElementLocator &apos;By.name: login&apos; (tried for 15 second(s) with 500 milliseconds interval)"/>
  </testcase>
  <testcase name="username" classname="ui.login.UserPageTest" time="0">
    <skipped message="Expected condition failed: waiting for visibility of Proxy element for: DefaultElementLocator &apos;By.name: login&apos; (tried for 15 second(s) with 500 milliseconds interval)"/>
  </testcase>
  <testcase name="beforeclass" classname="ui.login.AddUserTest" time="44.555">
    <failure message="Expected condition failed: waiting for visibility of Proxy element for: DefaultElementLocator &apos;By.name: login&apos; (tried for 15 second(s) with 500 milliseconds interval)" type="org.openqa.selenium.TimeoutException"><![CDATA[org.openqa.selenium.TimeoutException: Expected condition failed: waiting for visibility of Proxy element for: DefaultElementLocator 'By.name: login' (tried for 15 second(s) with 500 milliseconds interval)
	at ui.login.AddUserTest.beforeclass(AddUserTest.java:17)
Caused by: org.openqa.selenium.NoSuchElementException: 
no such element: Unable to locate element: {"method":"css selector","selector":"*[name='login']"}
  (Session info: headless chrome=113.0.5672.127)
For documentation on this error, please visit: https://selenium.dev/exceptions/#no_such_element
Build info: version: '4.8.3', revision: 'e5e76298c3'
System info: os.name: 'Windows 10', os.arch: 'amd64', os.version: '10.0', java.version: '11.0.17'
Driver info: org.openqa.selenium.chrome.ChromeDriver
Command: [fad9a1c14d0e526a0d5d22d45a063c0a, findElement {using=name, value=login}]
Capabilities {acceptInsecureCerts: false, browserName: chrome, browserVersion: 113.0.5672.127, chrome: {chromedriverVersion: 113.0.5672.63 (0e1a4471d5ae..., userDataDir: C:\Users\user\AppData\Local...}, goog:chromeOptions: {debuggerAddress: localhost:59269}, networkConnectionEnabled: false, pageLoadStrategy: normal, platformName: WINDOWS, proxy: Proxy(), se:cdp: ws://localhost:59269/devtoo..., se:cdpVersion: 113.0.5672.127, setWindowRect: true, strictFileInteractability: false, timeouts: {implicit: 0, pageLoad: 300000, script: 30000}, unhandledPromptBehavior: dismiss and notify, webauthn:extension:credBlob: true, webauthn:extension:largeBlob: true, webauthn:extension:minPinLength: true, webauthn:extension:prf: true, webauthn:virtualAuthenticators: true}
Session ID: fad9a1c14d0e526a0d5d22d45a063c0a
	at ui.login.AddUserTest.beforeclass(AddUserTest.java:17)
]]></failure>
  </testcase>
  <testcase name="setUp" classname="ui.login.AddUserTest" time="0">
    <skipped/>
  </testcase>
  <testcase name="setUp" classname="ui.login.AddUserTest" time="0">
    <skipped/>
  </testcase>
  <testcase name="setUp" classname="ui.login.AddUserTest" time="0">
    <skipped/>
  </testcase>
  <testcase name="setUp" classname="ui.login.AddUserTest" time="0">
    <skipped/>
  </testcase>
  <testcase name="setUp" classname="ui.login.AddUserTest" time="0">
    <skipped/>
  </testcase>
  <testcase name="setUp" classname="ui.login.AddUserTest" time="0">
    <skipped/>
  </testcase>
  <testcase name="setUp" classname="ui.login.AddUserTest" time="0">
    <skipped/>
  </testcase>
  <testcase name="FirstNameInputField" classname="ui.login.AddUserTest" time="0">
    <skipped message="Expected condition failed: waiting for visibility of Proxy element for: DefaultElementLocator &apos;By.name: login&apos; (tried for 15 second(s) with 500 milliseconds interval)"/>
  </testcase>
  <testcase name="SurNameInputField" classname="ui.login.AddUserTest" time="0">
    <skipped message="Expected condition failed: waiting for visibility of Proxy element for: DefaultElementLocator &apos;By.name: login&apos; (tried for 15 second(s) with 500 milliseconds interval)"/>
  </testcase>
  <testcase name="ValidEmail" classname="ui.login.AddUserTest" time="0">
    <skipped message="Expected condition failed: waiting for visibility of Proxy element for: DefaultElementLocator &apos;By.name: login&apos; (tried for 15 second(s) with 500 milliseconds interval)"/>
  </testcase>
  <testcase name="UsernameField" classname="ui.login.AddUserTest" time="0">
    <skipped message="Expected condition failed: waiting for visibility of Proxy element for: DefaultElementLocator &apos;By.name: login&apos; (tried for 15 second(s) with 500 milliseconds interval)"/>
  </testcase>
  <testcase name="PasswordField" classname="ui.login.AddUserTest" time="0">
    <skipped message="Expected condition failed: waiting for visibility of Proxy element for: DefaultElementLocator &apos;By.name: login&apos; (tried for 15 second(s) with 500 milliseconds interval)"/>
  </testcase>
  <testcase name="UploadPicture" classname="ui.login.AddUserTest" time="0">
    <skipped message="Expected condition failed: waiting for visibility of Proxy element for: DefaultElementLocator &apos;By.name: login&apos; (tried for 15 second(s) with 500 milliseconds interval)"/>
  </testcase>
  <testcase name="addedUser" classname="ui.login.AddUserTest" time="0">
    <skipped message="Expected condition failed: waiting for visibility of Proxy element for: DefaultElementLocator &apos;By.name: login&apos; (tried for 15 second(s) with 500 milliseconds interval)"/>
  </testcase>
</testsuite>