<?xml version="1.0" encoding="UTF-8" ?>
<testsuite tests="4" failures="3" name="CalculatorTest" time="0.021" errors="0" skipped="0">
  <properties>
[...]
</properties>
  <testcase classname="CalculatorTest" name="addTwoNumsTest" time="0.015">
    <failure message="expected [3] but found [4]" type="java.lang.AssertionError">java.lang.AssertionError: expected [3] but found [4]
	at org.testng.Assert.fail(Assert.java:110)
	at org.testng.Assert.failNotEquals(Assert.java:1577)
	at org.testng.Assert.assertEqualsImpl(Assert.java:149)
	at org.testng.Assert.assertEquals(Assert.java:131)
	at org.testng.Assert.assertEquals(Assert.java:1418)
	at org.testng.Assert.assertEquals(Assert.java:1382)
	at org.testng.Assert.assertEquals(Assert.java:1428)
	at CalculatorTest.addTwoNumsTest(CalculatorTest.java:14)
</failure>
    <system-out>Configuring TestNG with: org.apache.maven.surefire.testng.conf.TestNG652Configurator@23faf8f2
</system-out>
    <system-err>SLF4J: Failed to load class &quot;org.slf4j.impl.StaticLoggerBinder&quot;.
SLF4J: Defaulting to no-operation (NOP) logger implementation
SLF4J: See http://www.slf4j.org/codes.html#StaticLoggerBinder for further details.
</system-err>
  </testcase>
  <testcase classname="CalculatorTest" name="test123" time="0">
    <failure message="expected object to not be null" type="java.lang.AssertionError">java.lang.AssertionError: expected object to not be null
	at org.testng.Assert.fail(Assert.java:110)
	at org.testng.Assert.assertNotNull(Assert.java:1483)
	at org.testng.Assert.assertNotNull(Assert.java:1467)
	at CalculatorTest.test123(CalculatorTest.java:42)
</failure>
  </testcase>
  <testcase classname="CalculatorTest" name="testAssertTrue" time="0"/>
  <testcase classname="CalculatorTest" name="testSoftAssert" time="0.006">
    <failure message="The following asserts failed:
	expected [5] but found [4],
	expected [6] but found [4],
	expected [7] but found [4],
	expected [8] but found [4]" type="java.lang.AssertionError">java.lang.AssertionError: The following asserts failed:
	expected [5] but found [4],
	expected [6] but found [4],
	expected [7] but found [4],
	expected [8] but found [4]
	at org.testng.asserts.SoftAssert.assertAll(SoftAssert.java:46)
	at org.testng.asserts.SoftAssert.assertAll(SoftAssert.java:30)
	at CalculatorTest.testSoftAssert(CalculatorTest.java:27)
</failure>
  </testcase>
</testsuite>